#
# There is insufficient memory for the Java Runtime Environment to continue.
# Native memory allocation (mmap) failed to map 98566144 bytes for Failed to commit area from 0x00000000a2600000 to 0x00000000a8400000 of length 98566144.
# Possible reasons:
#   The system is out of physical RAM or swap space
#   The process is running with CompressedOops enabled, and the Java Heap may be blocking the growth of the native heap
# Possible solutions:
#   Reduce memory load on the system
#   Increase physical memory or swap space
#   Check if swap backing store is full
#   Decrease Java heap size (-Xmx/-Xms)
#   Decrease number of Java threads
#   Decrease Java thread stack sizes (-Xss)
#   Set larger code cache with -XX:ReservedCodeCacheSize=
# This output file may be truncated or incomplete.
#
#  Out of Memory Error (c:/BuildAgent/work/1eae4dac1d648407/src/hotspot/os/windows/os_windows.cpp:3296), pid=11164, tid=2832
#
# JRE version:  (11.0.6+8) (build )
# Java VM: OpenJDK 64-Bit Server VM (11.0.6+8-b765.25, mixed mode, sharing, tiered, compressed oops, g1 gc, windows-amd64)
# No core dump will be written. Minidumps are not enabled by default on client versions of Windows
#

---------------  S U M M A R Y ------------

Command Line: org.jetbrains.git4idea.http.GitAskPassApp Username for 'https://github.com': 

Host: Intel(R) Core(TM) i5-8300H CPU @ 2.30GHz, 8 cores, 5G,  Windows 10 , 64 bit Build 19041 (10.0.19041.1151)
Time: Tue Sep 14 18:25:15 2021 Новосибирское стандартное время elapsed time: 0 seconds (0d 0h 0m 0s)

---------------  T H R E A D  ---------------

Current thread (0x0000019b6306b000):  JavaThread "Unknown thread" [_thread_in_vm, id=2832, stack(0x000000923cd00000,0x000000923ce00000)]

Stack: [0x000000923cd00000,0x000000923ce00000]
Native frames: (J=compiled Java code, j=interpreted, Vv=VM code, C=native code)
V  [jvm.dll+0x5de3ca]
V  [jvm.dll+0x710ae5]
V  [jvm.dll+0x712005]
V  [jvm.dll+0x7126b3]
V  [jvm.dll+0x23e708]
V  [jvm.dll+0x5db874]
V  [jvm.dll+0x5d0aa5]
V  [jvm.dll+0x2fb0fb]
V  [jvm.dll+0x2fb06a]
V  [jvm.dll+0x2faf42]
V  [jvm.dll+0x2ffe16]
V  [jvm.dll+0x348723]
V  [jvm.dll+0x348e26]
V  [jvm.dll+0x348823]
V  [jvm.dll+0x2d58a8]
V  [jvm.dll+0x2d6a47]
V  [jvm.dll+0x6ef917]
V  [jvm.dll+0x6f110c]
V  [jvm.dll+0x355d69]
V  [jvm.dll+0x6d4afe]
V  [jvm.dll+0x3bf3d3]
V  [jvm.dll+0x3c1921]
C  [jli.dll+0x5363]
C  [ucrtbase.dll+0x21bb2]
C  [KERNEL32.DLL+0x17034]
C  [ntdll.dll+0x52651]


---------------  P R O C E S S  ---------------

Threads class SMR info:
_java_thread_list=0x0000019b60eb3c10, length=0, elements={
}

Java Threads: ( => current thread )

Other Threads:
  0x0000019b63082800 GCTaskThread "GC Thread#0" [stack: 0x000000923ce00000,0x000000923cf00000] [id=15088]
  0x0000019b630a9800 ConcurrentGCThread "G1 Main Marker" [stack: 0x000000923cf00000,0x000000923d000000] [id=15788]
  0x0000019b630ab800 ConcurrentGCThread "G1 Conc#0" [stack: 0x000000923d000000,0x000000923d100000] [id=7296]

[error occurred during error reporting (printing all threads), id 0xc0000005, EXCEPTION_ACCESS_VIOLATION (0xc0000005) at pc=0x00007ffe2ac56227]

VM state:not at safepoint (not fully initialized)

VM Mutex/Monitor currently owned by a thread:  ([mutex/lock_event])
[0x0000019b63068eb0] Heap_lock - owner thread: 0x0000019b6306b000

Heap address: 0x00000000a2600000, size: 1498 MB, Compressed Oops mode: Non-zero based: 0x00000000a2600000
Narrow klass base: 0x0000000000000000, Narrow klass shift: 0

GC Heap History (0 events):
No events

Deoptimization events (0 events):
No events

Classes redefined (0 events):
No events

Internal exceptions (0 events):
No events

Events (2 events):
Event: 0.056 Loaded shared library C:\Program Files\JetBrains\IntelliJ IDEA 2020.1\jbr\bin\zip.dll
Event: 0.058 Loaded shared library C:\Program Files\JetBrains\IntelliJ IDEA 2020.1\jbr\bin\jimage.dll


Dynamic libraries:
0x00007ff6af150000 - 0x00007ff6af15a000 	C:\Program Files\JetBrains\IntelliJ IDEA 2020.1\jbr\bin\java.exe
0x00007ffe71070000 - 0x00007ffe71265000 	C:\Windows\SYSTEM32\ntdll.dll
0x00007ffe70ae0000 - 0x00007ffe70b9d000 	C:\Windows\System32\KERNEL32.DLL
0x00007ffe6e8b0000 - 0x00007ffe6eb79000 	C:\Windows\System32\KERNELBASE.dll
0x00007ffe6ef80000 - 0x00007ffe6f080000 	C:\Windows\System32\ucrtbase.dll
0x00007ffe4f1e0000 - 0x00007ffe4f1f9000 	C:\Program Files\JetBrains\IntelliJ IDEA 2020.1\jbr\bin\jli.dll
0x00007ffe6f0d0000 - 0x00007ffe6f270000 	C:\Windows\System32\USER32.dll
0x00007ffe6ef50000 - 0x00007ffe6ef72000 	C:\Windows\System32\win32u.dll
0x00007ffe700a0000 - 0x00007ffe700ca000 	C:\Windows\System32\GDI32.dll
0x00007ffe6e7a0000 - 0x00007ffe6e8ab000 	C:\Windows\System32\gdi32full.dll
0x00007ffe6ec30000 - 0x00007ffe6eccd000 	C:\Windows\System32\msvcp_win.dll
0x00007ffe5b130000 - 0x00007ffe5b3ca000 	C:\Windows\WinSxS\amd64_microsoft.windows.common-controls_6595b64144ccf1df_6.0.19041.1110_none_60b5254171f9507e\COMCTL32.dll
0x00007ffe6fc80000 - 0x00007ffe6fd1e000 	C:\Windows\System32\msvcrt.dll
0x00007ffe65440000 - 0x00007ffe65457000 	C:\Program Files\JetBrains\IntelliJ IDEA 2020.1\jbr\bin\VCRUNTIME140.dll
0x00007ffe6f5c0000 - 0x00007ffe6f5f0000 	C:\Windows\System32\IMM32.DLL
0x00007ffe444d0000 - 0x00007ffe4456d000 	C:\Program Files\JetBrains\IntelliJ IDEA 2020.1\jbr\bin\msvcp140.dll
0x00007ffe2a970000 - 0x00007ffe2b42d000 	C:\Program Files\JetBrains\IntelliJ IDEA 2020.1\jbr\bin\server\jvm.dll
0x00007ffe70c20000 - 0x00007ffe70ccc000 	C:\Windows\System32\ADVAPI32.dll
0x00007ffe70a30000 - 0x00007ffe70acb000 	C:\Windows\System32\sechost.dll
0x00007ffe6ff70000 - 0x00007ffe7009a000 	C:\Windows\System32\RPCRT4.dll
0x00007ffe6ff60000 - 0x00007ffe6ff68000 	C:\Windows\System32\PSAPI.DLL
0x00007ffe4f1d0000 - 0x00007ffe4f1d9000 	C:\Windows\SYSTEM32\WSOCK32.dll
0x00007ffe70220000 - 0x00007ffe7028b000 	C:\Windows\System32\WS2_32.dll
0x00007ffe5b580000 - 0x00007ffe5b5a7000 	C:\Windows\SYSTEM32\WINMM.dll
0x00007ffe67b40000 - 0x00007ffe67b4a000 	C:\Windows\SYSTEM32\VERSION.dll
0x00007ffe6c6b0000 - 0x00007ffe6c6c2000 	C:\Windows\SYSTEM32\kernel.appcore.dll
0x00007ffe67340000 - 0x00007ffe67351000 	C:\Program Files\JetBrains\IntelliJ IDEA 2020.1\jbr\bin\verify.dll
0x00007ffe5eb80000 - 0x00007ffe5ed64000 	C:\Windows\SYSTEM32\DBGHELP.DLL
0x00007ffe5eb50000 - 0x00007ffe5eb7c000 	C:\Windows\SYSTEM32\dbgcore.DLL
0x00007ffe6eec0000 - 0x00007ffe6ef43000 	C:\Windows\System32\bcryptPrimitives.dll
0x00007ffe44bd0000 - 0x00007ffe44bf9000 	C:\Program Files\JetBrains\IntelliJ IDEA 2020.1\jbr\bin\java.dll
0x00007ffe44bb0000 - 0x00007ffe44bc8000 	C:\Program Files\JetBrains\IntelliJ IDEA 2020.1\jbr\bin\zip.dll
0x00007ffe6a2b0000 - 0x00007ffe6a2bb000 	C:\Program Files\JetBrains\IntelliJ IDEA 2020.1\jbr\bin\jimage.dll

dbghelp: loaded successfully - version: 4.0.5 - missing functions: none
symbol engine: initialized successfully - sym options: 0x614 - pdb path: .;C:\Program Files\JetBrains\IntelliJ IDEA 2020.1\jbr\bin;C:\Windows\SYSTEM32;C:\Windows\WinSxS\amd64_microsoft.windows.common-controls_6595b64144ccf1df_6.0.19041.1110_none_60b5254171f9507e;C:\Program Files\JetBrains\IntelliJ IDEA 2020.1\jbr\bin\server

VM Arguments:
java_command: org.jetbrains.git4idea.http.GitAskPassApp Username for 'https://github.com': 
java_class_path (initial): C:/Program Files/JetBrains/IntelliJ IDEA 2020.1/plugins/git4idea/lib/git4idea-rt.jar;C:/Program Files/JetBrains/IntelliJ IDEA 2020.1/lib/xmlrpc-2.0.1.jar;C:/Program Files/JetBrains/IntelliJ IDEA 2020.1/lib/commons-codec-1.14.jar;C:/Program Files/JetBrains/IntelliJ IDEA 2020.1/lib/util.jar
Launcher Type: SUN_STANDARD

[Global flags]
     intx CICompilerCount                          = 4                                         {product} {ergonomic}
     uint ConcGCThreads                            = 2                                         {product} {ergonomic}
     uint G1ConcRefinementThreads                  = 8                                         {product} {ergonomic}
   size_t G1HeapRegionSize                         = 1048576                                   {product} {ergonomic}
    uintx GCDrainStackTargetSize                   = 64                                        {product} {ergonomic}
   size_t InitialHeapSize                          = 98566144                                  {product} {ergonomic}
   size_t MarkStackSize                            = 4194304                                   {product} {ergonomic}
   size_t MaxHeapSize                              = 1570766848                                {product} {ergonomic}
   size_t MinHeapDeltaBytes                        = 1048576                                   {product} {ergonomic}
    uintx NonNMethodCodeHeapSize                   = 5836300                                {pd product} {ergonomic}
    uintx NonProfiledCodeHeapSize                  = 122910970                              {pd product} {ergonomic}
    uintx ProfiledCodeHeapSize                     = 122910970                              {pd product} {ergonomic}
    uintx ReservedCodeCacheSize                    = 251658240                              {pd product} {ergonomic}
     bool SegmentedCodeCache                       = true                                      {product} {ergonomic}
     bool UseCompressedClassPointers               = true                                 {lp64_product} {ergonomic}
     bool UseCompressedOops                        = true                                 {lp64_product} {ergonomic}
     bool UseG1GC                                  = true                                      {product} {ergonomic}
     bool UseLargePagesIndividualAllocation        = false                                  {pd product} {ergonomic}

Logging:
Log output configuration:
 #0: stdout all=warning uptime,level,tags
 #1: stderr all=off uptime,level,tags

Environment Variables:
PATH=C:\Program Files\Git\mingw64\libexec\git-core;C:\Program Files\Git\mingw64\libexec\git-core;C:\Program Files\Git\mingw64\bin;C:\Program Files\Git\usr\bin;C:\Users\Новутбук\bin;C:\ProgramData\Oracle\Java\javapath;C:\Windows\system32;C:\Windows;C:\Windows\System32\Wbem;C:\Windows\System32\WindowsPowerShell\v1.0;C:\Windows\System32\OpenSSH;C:\Program Files\Microsoft SQL Server\Client SDK\ODBC\170\Tools\Binn;C:\Program Files (x86)\Microsoft SQL Server\150\Tools\Binn;C:\Program Files\Microsoft SQL Server\150\Tools\Binn;C:\Program Files\Microsoft SQL Server\150\DTS\Binn;C:\Program Files (x86)\Microsoft SQL Server\150\DTS\Binn;C:\Program Files\Azure Data Studio\bin;C:\Program Files\dotnet;C:\Program Files\Microsoft SQL Server\130\Tools\Binn;C:\Program Files\Git\cmd;C:\Program Files\Polyspace\R2020b\runtime\win64;C:\Program Files\Polyspace\R2020b\bin;C:\Program Files\Polyspace\R2020b\polyspace\bin;C:\Program Files\nodejs;C:\Users\Новутбук\AppData\Local\Programs\Python\Python39\Scripts;C:\Users\Новутбук\AppData\Local\Programs\Python\Python39;C:\Users\Новутбук\AppData\Local\Microsoft\WindowsApps;C:\Program Files\Azure Data Studio\bin;C:\Users\Новутбук\.dotnet\tools;C:\Users\Новутбук\AppData\Local\Programs\Microsoft VS Code\bin;C:\Users\Новутбук\AppData\Roaming\npm;C:\Program Files\heroku\bin
USERNAME=Новутбук
DISPLAY=:0.0
OS=Windows_NT
PROCESSOR_IDENTIFIER=Intel64 Family 6 Model 158 Stepping 10, GenuineIntel



---------------  S Y S T E M  ---------------

OS: Windows 10 , 64 bit Build 19041 (10.0.19041.1151)

CPU:total 8 (initial active 8) (4 cores per cpu, 2 threads per core) family 6 model 158 stepping 10, cmov, cx8, fxsr, mmx, sse, sse2, sse3, ssse3, sse4.1, sse4.2, popcnt, avx, avx2, aes, clmul, erms, 3dnowpref, lzcnt, ht, tsc, tscinvbit, bmi1, bmi2, adx, fma

Memory: 4k page, system-wide physical 5986M (320M free)
TotalPageFile size 24418M (AvailPageFile size 78M)
current process WorkingSet (physical memory assigned to process): 9M, peak: 9M
current process commit charge ("private bytes"): 59M, peak: 153M

vm_info: OpenJDK 64-Bit Server VM (11.0.6+8-b765.25) for windows-amd64 JRE (11.0.6+8-b765.25), built on Mar 30 2020 12:57:22 by "" with MS VC++ 14.0 (VS2015)

END.
